<?xml version="1.0" encoding="UTF-8"?>
<!-- Generated by org.testng.reporters.JUnitReportReporter -->
<testsuite hostname="DESKTOP-AJD82PS" failures="0" tests="5" name="SeleniumAutomatedTest.LeanIndustries.ElementSelection" time="7.210" errors="0" timestamp="2020-01-21T20:08:40 GMT-05:00" skipped="0">
  <testcase classname="SeleniumAutomatedTest.LeanIndustries.ElementSelection" name="testInputText" time="1.136"/>
  <system-out/>
  <testcase classname="SeleniumAutomatedTest.LeanIndustries.ElementSelection" name="testCheckboxes" time="0.150"/>
  <system-out/>
  <testcase classname="SeleniumAutomatedTest.LeanIndustries.ElementSelection" name="testRadioButtons" time="0.132"/>
  <system-out/>
  <testcase classname="SeleniumAutomatedTest.LeanIndustries.ElementSelection" name="testSelectOneMenu" time="5.432"/>
  <system-out/>
  <testcase classname="SeleniumAutomatedTest.LeanIndustries.ElementSelection" name="testEnterDate" time="0.360"/>
  <system-out/>
</testsuite> <!-- SeleniumAutomatedTest.LeanIndustries.ElementSelection -->
