<?xml version="1.0" encoding="UTF-8"?>
<!-- Generated by org.testng.reporters.JUnitReportReporter -->
<testsuite hostname="DESKTOP-AJD82PS" failures="0" tests="1" name="SeleniumAutomatedTest.LeanIndustries.DataTable" time="0.417" errors="0" timestamp="2020-01-21T20:08:40 GMT-05:00" skipped="0">
  <testcase classname="SeleniumAutomatedTest.LeanIndustries.DataTable" name="testSelectRadioButtonInGrid" time="0.417"/>
  <system-out/>
</testsuite> <!-- SeleniumAutomatedTest.LeanIndustries.DataTable -->
